TowerDefense/Library/Bee/Android/Prj/IL2CPP/Gradle/launcher/build/intermediates/manifest_merge_blame_file/release/manifest-merger-blame-release-report.txt
1<?xml version="1.0" encoding="utf-8"?>
2<manifest xmlns:android="http://schemas.android.com/apk/res/android"
3    package="com.EBAC.TowerDefense2"
4    android:installLocation="preferExternal"
5    android:versionCode="1"
6    android:versionName="0.0.1" >
7
8    <uses-sdk
9        android:minSdkVersion="36"
9-->src\main\AndroidManifest.xml
10        android:targetSdkVersion="36" />
10-->src\main\AndroidManifest.xml
11
12    <supports-screens
12-->src\main\AndroidManifest.xml:4:3-163
13        android:anyDensity="true"
13-->src\main\AndroidManifest.xml:4:135-160
14        android:largeScreens="true"
14-->src\main\AndroidManifest.xml:4:78-105
15        android:normalScreens="true"
15-->src\main\AndroidManifest.xml:4:49-77
16        android:smallScreens="true"
16-->src\main\AndroidManifest.xml:4:21-48
17        android:xlargeScreens="true" />
17-->src\main\AndroidManifest.xml:4:106-134
18
19    <uses-permission android:name="android.permission.INTERNET" />
19-->[:unityLibrary] AndroidManifest.xml:10:5-67
19-->[:unityLibrary] AndroidManifest.xml:10:22-64
20
21    <uses-feature android:glEsVersion="0x00030000" />
21-->[:unityLibrary] AndroidManifest.xml:12:5-54
21-->[:unityLibrary] AndroidManifest.xml:12:19-51
22    <uses-feature
22-->[:unityLibrary] AndroidManifest.xml:13:5-15:36
23        android:name="android.hardware.vulkan.version"
23-->[:unityLibrary] AndroidManifest.xml:14:9-55
24        android:required="false" />
24-->[:unityLibrary] AndroidManifest.xml:15:9-33
25    <uses-feature
25-->[:unityLibrary] AndroidManifest.xml:16:5-18:36
26        android:name="android.hardware.touchscreen"
26-->[:unityLibrary] AndroidManifest.xml:17:9-52
27        android:required="false" />
27-->[:unityLibrary] AndroidManifest.xml:18:9-33
28    <uses-feature
28-->[:unityLibrary] AndroidManifest.xml:19:5-21:36
29        android:name="android.hardware.touchscreen.multitouch"
29-->[:unityLibrary] AndroidManifest.xml:20:9-63
30        android:required="false" />
30-->[:unityLibrary] AndroidManifest.xml:21:9-33
31    <uses-feature
31-->[:unityLibrary] AndroidManifest.xml:22:5-24:36
32        android:name="android.hardware.touchscreen.multitouch.distinct"
32-->[:unityLibrary] AndroidManifest.xml:23:9-72
33        android:required="false" />
33-->[:unityLibrary] AndroidManifest.xml:24:9-33
34
35    <uses-permission android:name="android.permission.ACCESS_NETWORK_STATE" />
35-->[:com.google.android.gms.play-services-nearby-18.0.2:] AndroidManifest.xml:7:5-79
35-->[:com.google.android.gms.play-services-nearby-18.0.2:] AndroidManifest.xml:7:22-76
36
37    <application
37-->src\main\AndroidManifest.xml:3:3-83
38        android:appComponentFactory="androidx.core.app.CoreComponentFactory"
38-->[:androidx.core.core-1.2.0:] AndroidManifest.xml:24:18-86
39        android:extractNativeLibs="true"
39-->[:unityLibrary] AndroidManifest.xml:26:18-50
40        android:icon="@mipmap/app_icon"
40-->src\main\AndroidManifest.xml:3:49-80
41        android:label="@string/app_name" >
41-->src\main\AndroidManifest.xml:3:16-48
42        <meta-data
42-->[:unityLibrary] AndroidManifest.xml:27:9-29:33
43            android:name="unity.splash-mode"
43-->[:unityLibrary] AndroidManifest.xml:28:13-45
44            android:value="0" />
44-->[:unityLibrary] AndroidManifest.xml:29:13-30
45        <meta-data
45-->[:unityLibrary] AndroidManifest.xml:30:9-32:36
46            android:name="unity.splash-enable"
46-->[:unityLibrary] AndroidManifest.xml:31:13-47
47            android:value="True" />
47-->[:unityLibrary] AndroidManifest.xml:32:13-33
48        <meta-data
48-->[:unityLibrary] AndroidManifest.xml:33:9-35:36
49            android:name="unity.launch-fullscreen"
49-->[:unityLibrary] AndroidManifest.xml:34:13-51
50            android:value="True" />
50-->[:unityLibrary] AndroidManifest.xml:35:13-33
51        <meta-data
51-->[:unityLibrary] AndroidManifest.xml:36:9-38:36
52            android:name="unity.render-outside-safearea"
52-->[:unityLibrary] AndroidManifest.xml:37:13-57
53            android:value="True" />
53-->[:unityLibrary] AndroidManifest.xml:38:13-33
54        <meta-data
54-->[:unityLibrary] AndroidManifest.xml:39:9-41:50
55            android:name="notch.config"
55-->[:unityLibrary] AndroidManifest.xml:40:13-40
56            android:value="portrait|landscape" />
56-->[:unityLibrary] AndroidManifest.xml:41:13-47
57        <meta-data
57-->[:unityLibrary] AndroidManifest.xml:42:9-44:36
58            android:name="unity.auto-report-fully-drawn"
58-->[:unityLibrary] AndroidManifest.xml:43:13-57
59            android:value="true" />
59-->[:unityLibrary] AndroidManifest.xml:44:13-33
60
61        <activity
61-->[:unityLibrary] AndroidManifest.xml:46:9-67:20
62            android:name="com.unity3d.player.UnityPlayerActivity"
62-->[:unityLibrary] AndroidManifest.xml:47:13-66
63            android:configChanges="mcc|mnc|locale|touchscreen|keyboard|keyboardHidden|navigation|orientation|screenLayout|uiMode|screenSize|smallestScreenSize|fontScale|layoutDirection|density"
63-->[:unityLibrary] AndroidManifest.xml:48:13-194
64            android:exported="true"
64-->[:unityLibrary] AndroidManifest.xml:49:13-36
65            android:hardwareAccelerated="false"
65-->[:unityLibrary] AndroidManifest.xml:50:13-48
66            android:launchMode="singleTask"
66-->[:unityLibrary] AndroidManifest.xml:51:13-44
67            android:resizeableActivity="false"
67-->[:unityLibrary] AndroidManifest.xml:52:13-47
68            android:screenOrientation="fullUser"
68-->[:unityLibrary] AndroidManifest.xml:53:13-49
69            android:theme="@style/UnityThemeSelector" >
69-->[:unityLibrary] AndroidManifest.xml:54:13-54
70            <intent-filter>
70-->[:unityLibrary] AndroidManifest.xml:55:13-59:29
71                <category android:name="android.intent.category.LAUNCHER" />
71-->[:unityLibrary] AndroidManifest.xml:56:17-77
71-->[:unityLibrary] AndroidManifest.xml:56:27-74
72
73                <action android:name="android.intent.action.MAIN" />
73-->[:unityLibrary] AndroidManifest.xml:58:17-69
73-->[:unityLibrary] AndroidManifest.xml:58:25-66
74            </intent-filter>
75
76            <meta-data
76-->[:unityLibrary] AndroidManifest.xml:61:13-63:40
77                android:name="unityplayer.UnityActivity"
77-->[:unityLibrary] AndroidManifest.xml:62:17-57
78                android:value="true" />
78-->[:unityLibrary] AndroidManifest.xml:63:17-37
79            <meta-data
79-->[:unityLibrary] AndroidManifest.xml:64:13-66:40
80                android:name="notch_support"
80-->[:unityLibrary] AndroidManifest.xml:65:17-45
81                android:value="true" />
81-->[:unityLibrary] AndroidManifest.xml:66:17-37
82        </activity>
83
84        <meta-data
84-->[:com.google.android.gms.play-services-basement-18.0.0:] AndroidManifest.xml:21:9-23:69
85            android:name="com.google.android.gms.version"
85-->[:com.google.android.gms.play-services-basement-18.0.0:] AndroidManifest.xml:22:13-58
86            android:value="@integer/google_play_services_version" />
86-->[:com.google.android.gms.play-services-basement-18.0.0:] AndroidManifest.xml:23:13-66
87
88        <activity
88-->[:com.google.android.gms.play-services-base-18.0.1:] AndroidManifest.xml:20:9-22:45
89            android:name="com.google.android.gms.common.api.GoogleApiActivity"
89-->[:com.google.android.gms.play-services-base-18.0.1:] AndroidManifest.xml:20:19-85
90            android:exported="false"
90-->[:com.google.android.gms.play-services-base-18.0.1:] AndroidManifest.xml:22:19-43
91            android:theme="@android:style/Theme.Translucent.NoTitleBar" />
91-->[:com.google.android.gms.play-services-base-18.0.1:] AndroidManifest.xml:21:19-78
92        <activity
92-->[:com.google.games.gpgs-plugin-support-0.11.01:] AndroidManifest.xml:10:9-18:20
93            android:name="com.google.games.bridge.GenericResolutionActivity"
93-->[:com.google.games.gpgs-plugin-support-0.11.01:] AndroidManifest.xml:11:13-77
94            android:exported="false"
94-->[:com.google.games.gpgs-plugin-support-0.11.01:] AndroidManifest.xml:12:13-37
95            android:label="GenericResolutionActivity"
95-->[:com.google.games.gpgs-plugin-support-0.11.01:] AndroidManifest.xml:13:13-54
96            android:theme="@android:style/Theme.Translucent.NoTitleBar.Fullscreen" >
96-->[:com.google.games.gpgs-plugin-support-0.11.01:] AndroidManifest.xml:14:13-83
97            <meta-data
97-->[:com.google.games.gpgs-plugin-support-0.11.01:] AndroidManifest.xml:15:13-17:40
98                android:name="instantapps.clients.allowed"
98-->[:com.google.games.gpgs-plugin-support-0.11.01:] AndroidManifest.xml:16:17-59
99                android:value="true" />
99-->[:com.google.games.gpgs-plugin-support-0.11.01:] AndroidManifest.xml:17:17-37
100        </activity>
101
102        <provider
102-->[:com.google.android.gms.play-services-games-v2-17.0.0:] AndroidManifest.xml:8:9-12:38
103            android:name="com.google.android.gms.games.provider.PlayGamesInitProvider"
103-->[:com.google.android.gms.play-services-games-v2-17.0.0:] AndroidManifest.xml:9:13-87
104            android:authorities="com.EBAC.TowerDefense2.playgamesinitprovider"
104-->[:com.google.android.gms.play-services-games-v2-17.0.0:] AndroidManifest.xml:10:13-73
105            android:exported="false"
105-->[:com.google.android.gms.play-services-games-v2-17.0.0:] AndroidManifest.xml:11:13-37
106            android:initOrder="99" />
106-->[:com.google.android.gms.play-services-games-v2-17.0.0:] AndroidManifest.xml:12:13-35
107
108        <activity
108-->[:com.google.android.gms.play-services-games-v2-17.0.0:] AndroidManifest.xml:14:9-17:62
109            android:name="com.google.android.gms.games.internal.v2.resolution.GamesResolutionActivity"
109-->[:com.google.android.gms.play-services-games-v2-17.0.0:] AndroidManifest.xml:15:13-103
110            android:exported="false"
110-->[:com.google.android.gms.play-services-games-v2-17.0.0:] AndroidManifest.xml:16:13-37
111            android:theme="@style/Theme.Games.Transparent" />
111-->[:com.google.android.gms.play-services-games-v2-17.0.0:] AndroidManifest.xml:17:13-59
112
113        <meta-data
113-->[:com.google.android.gms.play-services-games-v2-17.0.0:] AndroidManifest.xml:19:9-21:62
114            android:name="com.google.android.gms.games.version"
114-->[:com.google.android.gms.play-services-games-v2-17.0.0:] AndroidManifest.xml:20:13-64
115            android:value="@string/play_games_sdk_version" /> <!-- The space in these forces it to be interpreted as a string vs. int -->
115-->[:com.google.android.gms.play-services-games-v2-17.0.0:] AndroidManifest.xml:21:13-59
116        <meta-data
116-->[:unityLibrary:GooglePlayGamesManifest.androidlib] AndroidManifest.xml:18:9-20:49
117            android:name="com.google.android.gms.games.APP_ID"
117-->[:unityLibrary:GooglePlayGamesManifest.androidlib] AndroidManifest.xml:19:13-63
118            android:value="\u003488285251196" /> <!-- Keep track of which plugin is being used -->
118-->[:unityLibrary:GooglePlayGamesManifest.androidlib] AndroidManifest.xml:20:13-46
119        <meta-data
119-->[:unityLibrary:GooglePlayGamesManifest.androidlib] AndroidManifest.xml:23:9-25:44
120            android:name="com.google.android.gms.games.unityVersion"
120-->[:unityLibrary:GooglePlayGamesManifest.androidlib] AndroidManifest.xml:24:13-69
121            android:value="\u0030.11.01" />
121-->[:unityLibrary:GooglePlayGamesManifest.androidlib] AndroidManifest.xml:25:13-41
122
123        <activity
123-->[:unityLibrary:GooglePlayGamesManifest.androidlib] AndroidManifest.xml:27:9-29:86
124            android:name="com.google.games.bridge.NativeBridgeActivity"
124-->[:unityLibrary:GooglePlayGamesManifest.androidlib] AndroidManifest.xml:28:13-72
125            android:theme="@android:style/Theme.Translucent.NoTitleBar.Fullscreen" />
125-->[:unityLibrary:GooglePlayGamesManifest.androidlib] AndroidManifest.xml:29:13-83
126    </application>
127
128</manifest>